TN:
SF:controllers\authController.js
FN:6,getCart
FN:10,(anonymous_1)
FN:15,(anonymous_2)
FN:24,(anonymous_3)
FN:59,(anonymous_4)
FN:64,(anonymous_5)
FN:72,(anonymous_6)
FN:96,(anonymous_7)
FNF:8
FNH:7
FNDA:31,getCart
FNDA:10,(anonymous_1)
FNDA:4,(anonymous_2)
FNDA:12,(anonymous_3)
FNDA:2,(anonymous_4)
FNDA:1,(anonymous_5)
FNDA:6,(anonymous_6)
FNDA:0,(anonymous_7)
DA:3,2
DA:4,2
DA:7,31
DA:10,2
DA:11,10
DA:12,4
DA:15,2
DA:16,4
DA:17,4
DA:24,2
DA:25,12
DA:26,12
DA:28,12
DA:29,2
DA:36,10
DA:37,10
DA:38,2
DA:45,8
DA:52,8
DA:55,8
DA:56,8
DA:59,2
DA:60,2
DA:61,2
DA:64,2
DA:65,1
DA:66,1
DA:72,2
DA:73,6
DA:74,6
DA:76,6
DA:77,2
DA:84,4
DA:85,4
DA:86,2
DA:88,2
DA:96,2
DA:97,0
DA:98,0
LF:39
LH:37
BRDA:7,0,0,31
BRDA:7,0,1,29
BRDA:11,1,0,6
BRDA:11,1,1,4
BRDA:19,2,0,1
BRDA:19,2,1,3
BRDA:20,3,0,1
BRDA:20,3,1,3
BRDA:28,4,0,2
BRDA:28,4,1,10
BRDA:28,5,0,12
BRDA:28,5,1,10
BRDA:37,6,0,2
BRDA:37,6,1,8
BRDA:49,7,0,8
BRDA:49,7,1,0
BRDA:50,8,0,8
BRDA:50,8,1,0
BRDA:56,9,0,1
BRDA:56,9,1,7
BRDA:76,10,0,2
BRDA:76,10,1,4
BRDA:76,11,0,6
BRDA:76,11,1,4
BRDA:76,11,2,4
BRDA:76,11,3,4
BRF:26
BRH:24
end_of_record
TN:
SF:controllers\shopController.js
FN:7,getCart
FN:10,saveCart
FN:15,(anonymous_2)
FN:20,(anonymous_3)
FN:23,(anonymous_4)
FN:25,(anonymous_5)
FN:26,(anonymous_6)
FN:27,(anonymous_7)
FN:42,(anonymous_8)
FN:54,(anonymous_9)
FN:67,(anonymous_10)
FN:76,(anonymous_11)
FN:84,(anonymous_12)
FN:92,(anonymous_13)
FN:108,(anonymous_14)
FN:119,(anonymous_15)
FNF:16
FNH:15
FNDA:39,getCart
FNDA:20,saveCart
FNDA:8,(anonymous_2)
FNDA:12,(anonymous_3)
FNDA:6,(anonymous_4)
FNDA:24,(anonymous_5)
FNDA:11,(anonymous_6)
FNDA:0,(anonymous_7)
FNDA:13,(anonymous_8)
FNDA:4,(anonymous_9)
FNDA:2,(anonymous_10)
FNDA:2,(anonymous_11)
FNDA:2,(anonymous_12)
FNDA:4,(anonymous_13)
FNDA:2,(anonymous_14)
FNDA:4,(anonymous_15)
DA:2,2
DA:3,2
DA:4,2
DA:5,2
DA:8,39
DA:11,20
DA:15,2
DA:16,8
DA:17,8
DA:19,8
DA:20,12
DA:22,8
DA:23,6
DA:25,24
DA:26,11
DA:27,8
DA:29,8
DA:30,8
DA:42,2
DA:43,13
DA:44,13
DA:45,11
DA:46,11
DA:47,11
DA:49,11
DA:50,11
DA:54,2
DA:55,4
DA:56,4
DA:67,2
DA:68,2
DA:69,2
DA:70,2
DA:71,2
DA:72,2
DA:76,2
DA:77,2
DA:78,2
DA:79,2
DA:80,2
DA:84,2
DA:85,2
DA:86,2
DA:87,2
DA:88,2
DA:92,2
DA:93,4
DA:94,4
DA:95,2
DA:96,2
DA:108,2
DA:109,2
DA:110,2
DA:111,2
DA:112,2
DA:119,2
DA:120,4
DA:121,4
DA:122,3
DA:123,3
DA:133,3
DA:134,3
DA:135,3
DA:136,3
LF:64
LH:64
BRDA:8,0,0,39
BRDA:8,0,1,23
BRDA:19,1,0,2
BRDA:19,1,1,6
BRDA:19,2,0,8
BRDA:19,2,1,2
BRDA:22,3,0,1
BRDA:22,3,1,7
BRDA:22,4,0,8
BRDA:22,4,1,1
BRDA:25,5,0,2
BRDA:25,5,1,6
BRDA:26,6,0,1
BRDA:26,6,1,7
BRDA:27,7,0,0
BRDA:27,7,1,8
BRDA:34,8,0,8
BRDA:34,8,1,6
BRDA:35,9,0,8
BRDA:35,9,1,7
BRDA:36,10,0,8
BRDA:36,10,1,5
BRDA:44,11,0,2
BRDA:44,11,1,11
BRDA:49,12,0,11
BRDA:49,12,1,10
BRDA:94,13,0,2
BRDA:94,13,1,2
BRDA:95,14,0,2
BRDA:95,14,1,0
BRDA:102,15,0,2
BRDA:102,15,1,0
BRDA:103,16,0,2
BRDA:103,16,1,0
BRDA:104,17,0,2
BRDA:104,17,1,0
BRDA:121,18,0,1
BRDA:121,18,1,3
BRDA:122,19,0,3
BRDA:122,19,1,0
BRF:40
BRH:34
end_of_record
TN:
SF:models\Account.js
FN:9,readAccounts
FN:19,writeAccounts
FN:25,(anonymous_2)
FN:29,(anonymous_3)
FN:30,(anonymous_4)
FN:33,(anonymous_5)
FN:34,(anonymous_6)
FN:37,(anonymous_7)
FN:41,(anonymous_8)
FN:50,(anonymous_9)
FN:56,(anonymous_10)
FN:80,(anonymous_11)
FN:82,(anonymous_12)
FNF:13
FNH:13
FNDA:83,readAccounts
FNDA:29,writeAccounts
FNDA:83,(anonymous_2)
FNDA:47,(anonymous_3)
FNDA:19,(anonymous_4)
FNDA:3,(anonymous_5)
FNDA:2,(anonymous_6)
FNDA:28,(anonymous_7)
FNDA:13,(anonymous_8)
FNDA:14,(anonymous_9)
FNDA:32,(anonymous_10)
FNDA:2,(anonymous_11)
FNDA:1,(anonymous_12)
DA:3,3
DA:4,3
DA:5,3
DA:7,3
DA:10,83
DA:11,83
DA:12,83
DA:13,83
DA:15,0
DA:20,29
DA:21,29
DA:26,83
DA:30,47
DA:34,3
DA:38,28
DA:43,13
DA:44,0
DA:45,0
DA:47,13
DA:51,14
DA:52,14
DA:53,13
DA:57,32
DA:58,32
DA:59,1
DA:61,31
DA:62,3
DA:65,28
DA:66,28
DA:75,28
DA:76,28
DA:77,28
DA:81,2
DA:82,2
DA:83,2
DA:84,1
DA:85,1
DA:86,1
DA:90,3
LF:39
LH:36
BRDA:12,0,0,83
BRDA:12,0,1,0
BRDA:13,1,0,83
BRDA:13,1,1,0
BRDA:20,2,0,29
BRDA:20,2,1,0
BRDA:43,3,0,0
BRDA:43,3,1,13
BRDA:52,4,0,1
BRDA:52,4,1,13
BRDA:53,5,0,10
BRDA:53,5,1,3
BRDA:58,6,0,1
BRDA:58,6,1,31
BRDA:58,7,0,32
BRDA:58,7,1,31
BRDA:58,7,2,31
BRDA:58,7,3,31
BRDA:61,8,0,3
BRDA:61,8,1,28
BRDA:83,9,0,1
BRDA:83,9,1,1
BRF:22
BRH:18
end_of_record
TN:
SF:models\Cart.js
FN:4,(anonymous_0)
FN:8,(anonymous_1)
FN:17,(anonymous_2)
FN:21,(anonymous_3)
FN:30,(anonymous_4)
FN:34,(anonymous_5)
FN:35,(anonymous_6)
FN:42,(anonymous_7)
FN:43,(anonymous_8)
FN:46,(anonymous_9)
FN:47,(anonymous_10)
FN:50,(anonymous_11)
FN:54,(anonymous_12)
FN:58,(anonymous_13)
FNF:14
FNH:14
FNDA:87,(anonymous_0)
FNDA:30,(anonymous_1)
FNDA:6,(anonymous_2)
FNDA:5,(anonymous_3)
FNDA:6,(anonymous_4)
FNDA:56,(anonymous_5)
FNDA:45,(anonymous_6)
FNDA:60,(anonymous_7)
FNDA:20,(anonymous_8)
FNDA:38,(anonymous_9)
FNDA:31,(anonymous_10)
FNDA:17,(anonymous_11)
FNDA:10,(anonymous_12)
FNDA:22,(anonymous_13)
DA:5,87
DA:9,30
DA:10,30
DA:11,1
DA:13,29
DA:18,6
DA:22,5
DA:23,5
DA:24,2
DA:25,3
DA:26,3
DA:31,6
DA:35,56
DA:43,60
DA:47,38
DA:51,17
DA:55,10
DA:59,22
DA:63,4
LF:19
LH:19
BRDA:4,0,0,15
BRDA:5,1,0,87
BRDA:5,1,1,67
BRDA:8,2,0,7
BRDA:10,3,0,1
BRDA:10,3,1,29
BRDA:23,4,0,2
BRDA:23,4,1,3
BRDA:25,5,0,3
BRDA:25,5,1,0
BRF:10
BRH:9
end_of_record
TN:
SF:models\Category.js
FN:6,(anonymous_0)
FNF:1
FNH:1
FNDA:10,(anonymous_0)
DA:3,4
DA:7,10
DA:11,4
LF:3
LH:3
BRF:0
BRH:0
end_of_record
TN:
SF:models\Order.js
FN:8,readOrders
FN:16,writeOrders
FN:21,(anonymous_2)
FN:25,(anonymous_3)
FN:26,(anonymous_4)
FN:29,(anonymous_5)
FN:31,(anonymous_6)
FN:32,(anonymous_7)
FN:35,(anonymous_8)
FN:47,(anonymous_9)
FN:49,(anonymous_10)
FN:57,(anonymous_11)
FN:61,(anonymous_12)
FN:62,(anonymous_13)
FNF:14
FNH:13
FNDA:31,readOrders
FNDA:17,writeOrders
FNDA:31,(anonymous_2)
FNDA:2,(anonymous_3)
FNDA:1,(anonymous_4)
FNDA:5,(anonymous_5)
FNDA:5,(anonymous_6)
FNDA:0,(anonymous_7)
FNDA:16,(anonymous_8)
FNDA:2,(anonymous_9)
FNDA:1,(anonymous_10)
FNDA:1,(anonymous_11)
FNDA:1,(anonymous_12)
FNDA:2,(anonymous_13)
DA:3,3
DA:4,3
DA:6,3
DA:9,31
DA:10,31
DA:12,0
DA:17,17
DA:22,31
DA:26,2
DA:30,5
DA:31,5
DA:32,0
DA:36,16
DA:37,16
DA:42,16
DA:43,16
DA:44,16
DA:48,2
DA:49,2
DA:50,2
DA:51,1
DA:52,1
DA:53,1
DA:54,1
DA:58,1
DA:62,2
DA:66,3
LF:27
LH:25
BRDA:10,0,0,31
BRDA:10,0,1,0
BRDA:26,1,0,2
BRDA:26,1,1,1
BRDA:32,2,0,0
BRDA:32,2,1,0
BRDA:32,3,0,0
BRDA:32,3,1,0
BRDA:39,4,0,16
BRDA:39,4,1,16
BRDA:40,5,0,16
BRDA:40,5,1,16
BRDA:50,6,0,1
BRDA:50,6,1,1
BRDA:62,7,0,2
BRDA:62,7,1,0
BRF:16
BRH:10
end_of_record
TN:
SF:models\Product.js
FN:8,(anonymous_0)
FN:9,(anonymous_1)
FN:9,(anonymous_2)
FN:10,(anonymous_3)
FN:13,(anonymous_4)
FNF:5
FNH:5
FNDA:9,(anonymous_0)
FNDA:15,(anonymous_1)
FNDA:60,(anonymous_2)
FNDA:1,(anonymous_3)
FNDA:9,(anonymous_4)
DA:3,3
DA:4,3
DA:5,3
DA:8,9
DA:9,60
DA:11,1
DA:14,9
DA:18,3
LF:8
LH:8
BRF:0
BRH:0
end_of_record
TN:
SF:routes\index.js
FNF:0
FNH:0
DA:2,1
DA:3,1
DA:4,1
DA:5,1
DA:8,1
DA:9,1
DA:10,1
DA:11,1
DA:12,1
DA:13,1
DA:16,1
DA:17,1
DA:18,1
DA:21,1
DA:22,1
DA:23,1
DA:24,1
DA:25,1
DA:26,1
DA:28,1
LF:20
LH:20
BRF:0
BRH:0
end_of_record
